Detecting compiler hash for triplet x64-windows...
Compiler found: C:/Program Files/Microsoft Visual Studio/2022/Community/VC/Tools/MSVC/14.44.35207/bin/Hostx64/x64/cl.exe
The following packages will be built and installed:
  * http-parser:x64-windows@2.9.4#3
    jansson:x64-windows@2.14#1
    libgit2[core,pcre,ssl,winhttp]:x64-windows@1.9.1
  * pcre:x64-windows@8.45#7
  * vcpkg-cmake:x64-windows@2024-04-23
  * vcpkg-cmake-config:x64-windows@2024-05-23
  * zlib:x64-windows@1.3.1
Additional packages (*) will be modified to complete this operation.
Restored 7 package(s) from C:\Users\karlackerman\AppData\Local\vcpkg\archives in 392 ms. Use --debug to see more details.
Installing 1/7 vcpkg-cmake-config:x64-windows@2024-05-23...
Elapsed time to handle vcpkg-cmake-config:x64-windows: 14.9 ms
vcpkg-cmake-config:x64-windows package ABI: a822d4dbcd57991f0ecaa00c2fbf7671a5177236c01d7e49ed74475655b3e279
Installing 2/7 vcpkg-cmake:x64-windows@2024-04-23...
Elapsed time to handle vcpkg-cmake:x64-windows: 22.8 ms
vcpkg-cmake:x64-windows package ABI: 16c495cd3cd7f89c75acdce354e7c02bda03d7d4428b96c56b96a9091196903a
Installing 3/7 jansson:x64-windows@2.14#1...
Elapsed time to handle jansson:x64-windows: 29 ms
jansson:x64-windows package ABI: 454e5284f9ac7bdf407bb78c8d2923a193e7dcff4688f20ff3bc998d3fae645d
Installing 4/7 pcre:x64-windows@8.45#7...
Elapsed time to handle pcre:x64-windows: 49.3 ms
pcre:x64-windows package ABI: e1392855a9cda1305bec70863bf59883f1351514847b44cb745e06a843bcc3b6
Installing 5/7 zlib:x64-windows@1.3.1...
Elapsed time to handle zlib:x64-windows: 24.4 ms
zlib:x64-windows package ABI: 16d860bdb02a74519e494d9a1cac4469cd6de84cb9176faa75ebfcb9a6e0cd6a
Installing 6/7 http-parser:x64-windows@2.9.4#3...
Elapsed time to handle http-parser:x64-windows: 25.6 ms
http-parser:x64-windows package ABI: bdbfb31617075be490997b8294e3e9a65e00da04e1c36360f2c32e63e2b66922
Installing 7/7 libgit2[core,pcre,ssl,winhttp]:x64-windows@1.9.1...
Elapsed time to handle libgit2:x64-windows: 92.8 ms
libgit2:x64-windows package ABI: a53d9205542ec1d6283a4dd5b4b992f3627f6df497aad59be83cc0cad4ebcba6
Installed contents are licensed to you by owners. Microsoft is not responsible for, nor does it grant any licenses to, third-party packages.
Some packages did not declare an SPDX license. Check the `copyright` file for each package for more information about their licensing.
Packages installed in this vcpkg installation declare the following licenses:
MIT
Zlib
jansson provides CMake targets:

  # this is heuristically generated, and may not be correct
  find_package(jansson CONFIG REQUIRED)
  target_link_libraries(main PRIVATE jansson::jansson)

jansson provides pkg-config modules:

  # Library for encoding, decoding and manipulating JSON data
  jansson

libgit2 provides CMake targets:

  # this is heuristically generated, and may not be correct
  find_package(libgit2 CONFIG REQUIRED)
  target_link_libraries(main PRIVATE libgit2::libgit2package)

libgit2 provides pkg-config modules:

  # The git library, take 2
  libgit2

All requested installations completed successfully in: 350 ms
